<?xml version="1.0" encoding="UTF-8"?>
<!-- Generated by org.testng.reporters.JUnitReportReporter -->
<testsuite hostname="BDC7-L-5342H6P" name="MavenHandsOn.TestClass5" tests="1" failures="0" timestamp="15 Oct 2018 09:10:10 GMT" time="18.097" errors="0">
  <testcase name="method1" time="18.097" classname="MavenHandsOn.TestClass5"/>
</testsuite> <!-- MavenHandsOn.TestClass5 -->
