<?xml version="1.0" encoding="UTF-8"?>
<!-- Generated by org.testng.reporters.JUnitReportReporter -->
<testsuite hostname="BDC7-L-5342H6P" name="Test.TestClass1" tests="1" failures="0" timestamp="16 Oct 2018 05:44:17 GMT" time="70.790" errors="0">
  <testcase name="loginOperation" time="70.790" classname="Test.TestClass1"/>
</testsuite> <!-- Test.TestClass1 -->
