<?xml version="1.0" encoding="UTF-8"?>
<!-- Generated by org.testng.reporters.JUnitReportReporter -->
<testsuite hostname="BDC7-L-5342H6P" name="MavenHandsOn.TestClass3" tests="1" failures="0" timestamp="15 Oct 2018 06:17:06 GMT" time="20.480" errors="0">
  <testcase name="method1" time="20.480" classname="MavenHandsOn.TestClass3"/>
</testsuite> <!-- MavenHandsOn.TestClass3 -->
