<?xml version="1.0" encoding="UTF-8"?>
<!-- Generated by org.testng.reporters.JUnitReportReporter -->
<testsuite hostname="BDC7-L-5342H6P" name="MavenHandsOn.TestClass2" tests="1" failures="0" timestamp="15 Oct 2018 06:53:02 GMT" time="21.639" errors="0">
  <testcase name="method1" time="21.639" classname="MavenHandsOn.TestClass2"/>
</testsuite> <!-- MavenHandsOn.TestClass2 -->
