<?xml version="1.0" encoding="UTF-8"?>
<!-- Generated by org.testng.reporters.JUnitReportReporter -->
<testsuite hostname="BDC7-L-5342H6P" name="MavenHandsOn.TestClass4" tests="1" failures="0" timestamp="15 Oct 2018 08:50:33 GMT" time="30.974" errors="0">
  <testcase name="method1" time="30.974" classname="MavenHandsOn.TestClass4"/>
</testsuite> <!-- MavenHandsOn.TestClass4 -->
